<?xml version="1.0" encoding="UTF-8"?>
<!-- Generated by org.testng.reporters.JUnitReportReporter -->
<testsuite hostname="EC2AMAZ-S11DBRH" failures="0" tests="1" name="testSamples.DriverTest" time="4.855" errors="0" timestamp="2023-11-29T12:09:53 GMT" skipped="0">
  <testcase classname="testSamples.DriverTest" name="chrome" time="4.855"/>
  <system-out/>
</testsuite> <!-- testSamples.DriverTest -->
